errorCode: invalid_grant
message: authentication failure
Date: 2018-08-27 19:04:55

errorCode: invalid_grant
message: authentication failure
Date: 2018-08-27 19:05:11

errorCode: invalid_client_id
message: client identifier invalid
Date: 2018-08-27 19:05:19

errorCode: invalid_grant
message: authentication failure
Date: 2018-08-27 19:06:36

errorCode: invalid_grant
message: authentication failure
Date: 2018-08-27 19:20:38

errorCode: invalid_grant
message: authentication failure
Date: 2018-08-27 19:20:50

errorCode: invalid_grant
message: authentication failure
Date: 2018-08-27 19:30:18

errorCode: invalid_grant
message: authentication failure
Date: 2018-08-27 19:36:56

errorCode: invalid_grant
message: authentication failure
Date: 2018-08-27 19:45:16

errorCode: invalid_grant
message: authentication failure
Date: 2018-08-27 19:45:28

errorCode: invalid_grant
message: authentication failure
Date: 2018-08-27 19:45:37

errorCode: invalid_grant
message: authentication failure
Date: 2018-08-27 19:48:14

errorCode: invalid_grant
message: authentication failure
Date: 2018-08-27 19:48:46

errorCode: invalid_grant
message: authentication failure
Date: 2018-08-27 19:49:07

Form ID: 1
errorCode: DUPLICATES_DETECTED
message: You're creating a duplicate record. We recommend you use an existing record instead.
fields: 
Date: 2018-09-03 22:45:13

Form ID: 3
errorCode: REQUIRED_FIELD_MISSING
message: Required fields are missing: [LastName]
fields: LastName
Date: 2018-09-06 21:57:11

Form ID: 3
errorCode: REQUIRED_FIELD_MISSING
message: Required fields are missing: [LastName]
fields: LastName
Date: 2018-09-12 02:07:20

Form ID: 3
errorCode: REQUIRED_FIELD_MISSING
message: Required fields are missing: [LastName]
fields: LastName
Date: 2018-09-12 06:09:20

Form ID: 3
errorCode: REQUIRED_FIELD_MISSING
message: Required fields are missing: [LastName]
fields: LastName
Date: 2018-09-13 18:34:58

Form ID: 1
errorCode: DUPLICATES_DETECTED
message: You're creating a duplicate record. We recommend you use an existing record instead.
fields: 
Date: 2018-09-17 17:01:11

Form ID: 3
errorCode: REQUIRED_FIELD_MISSING
message: Required fields are missing: [LastName]
fields: LastName
Date: 2018-09-18 19:48:42

Form ID: 3
errorCode: REQUIRED_FIELD_MISSING
message: Required fields are missing: [LastName]
fields: LastName
Date: 2018-09-24 04:03:29

Form ID: 3
errorCode: REQUIRED_FIELD_MISSING
message: Required fields are missing: [LastName]
fields: LastName
Date: 2018-09-24 06:53:34

Form ID: 3
errorCode: REQUIRED_FIELD_MISSING
message: Required fields are missing: [LastName]
fields: LastName
Date: 2018-09-26 12:22:37

Form ID: 3
errorCode: REQUIRED_FIELD_MISSING
message: Required fields are missing: [LastName]
fields: LastName
Date: 2018-09-27 03:20:31

Form ID: 3
errorCode: REQUIRED_FIELD_MISSING
message: Required fields are missing: [LastName]
fields: LastName
Date: 2018-10-06 12:31:33

Form ID: 3
errorCode: REQUIRED_FIELD_MISSING
message: Required fields are missing: [LastName]
fields: LastName
Date: 2018-10-07 13:05:28

Form ID: 1
errorCode: DUPLICATES_DETECTED
message: You're creating a duplicate record. We recommend you use an existing record instead.
fields: 
Date: 2018-10-08 19:31:24

Form ID: 3
errorCode: REQUIRED_FIELD_MISSING
message: Required fields are missing: [LastName]
fields: LastName
Date: 2018-10-13 17:16:55

Form ID: 3
errorCode: REQUIRED_FIELD_MISSING
message: Required fields are missing: [LastName]
fields: LastName
Date: 2018-10-15 07:54:45

Form ID: 3
errorCode: REQUIRED_FIELD_MISSING
message: Required fields are missing: [LastName]
fields: LastName
Date: 2018-10-30 09:41:58

Form ID: 3
errorCode: REQUIRED_FIELD_MISSING
message: Required fields are missing: [LastName]
fields: LastName
Date: 2018-11-02 19:22:05

Form ID: 3
errorCode: REQUIRED_FIELD_MISSING
message: Required fields are missing: [LastName]
fields: LastName
Date: 2018-11-03 00:20:39

Form ID: 3
errorCode: REQUIRED_FIELD_MISSING
message: Required fields are missing: [LastName]
fields: LastName
Date: 2018-11-04 22:31:51

Form ID: 3
errorCode: REQUIRED_FIELD_MISSING
message: Required fields are missing: [LastName]
fields: LastName
Date: 2018-11-18 13:16:13

Form ID: 3
errorCode: REQUIRED_FIELD_MISSING
message: Required fields are missing: [LastName]
fields: LastName
Date: 2018-11-21 04:50:17

Form ID: 1
errorCode: INVALID_OPERATION_WITH_EXPIRED_PASSWORD
message: The users password has expired, you must call SetPassword before attempting any other API operations
fields: 
Date: 2018-11-22 20:02:48

Form ID: 1
errorCode: INVALID_OPERATION_WITH_EXPIRED_PASSWORD
message: The users password has expired, you must call SetPassword before attempting any other API operations
fields: 
Date: 2018-11-24 00:14:16

Form ID: 3
errorCode: INVALID_OPERATION_WITH_EXPIRED_PASSWORD
message: The users password has expired, you must call SetPassword before attempting any other API operations
fields: 
Date: 2018-11-24 20:12:52

Form ID: 1
errorCode: INVALID_OPERATION_WITH_EXPIRED_PASSWORD
message: The users password has expired, you must call SetPassword before attempting any other API operations
fields: 
Date: 2018-11-25 15:10:54

Form ID: 3
errorCode: INVALID_OPERATION_WITH_EXPIRED_PASSWORD
message: The users password has expired, you must call SetPassword before attempting any other API operations
fields: 
Date: 2018-11-25 16:09:26

Form ID: 1
errorCode: INVALID_OPERATION_WITH_EXPIRED_PASSWORD
message: The users password has expired, you must call SetPassword before attempting any other API operations
fields: 
Date: 2019-03-02 00:52:16

Form ID: 1
errorCode: INVALID_OPERATION_WITH_EXPIRED_PASSWORD
message: The users password has expired, you must call SetPassword before attempting any other API operations
fields: 
Date: 2019-03-05 21:13:04

Form ID: 1
errorCode: INVALID_OPERATION_WITH_EXPIRED_PASSWORD
message: The users password has expired, you must call SetPassword before attempting any other API operations
fields: 
Date: 2019-03-06 03:34:46

Form ID: 1
errorCode: INVALID_OPERATION_WITH_EXPIRED_PASSWORD
message: The users password has expired, you must call SetPassword before attempting any other API operations
fields: 
Date: 2019-03-06 16:51:23

Form ID: 1
errorCode: INVALID_OPERATION_WITH_EXPIRED_PASSWORD
message: The users password has expired, you must call SetPassword before attempting any other API operations
fields: 
Date: 2019-03-07 12:41:29

Form ID: 1
errorCode: INVALID_OPERATION_WITH_EXPIRED_PASSWORD
message: The users password has expired, you must call SetPassword before attempting any other API operations
fields: 
Date: 2019-03-07 12:42:24

Form ID: 1
errorCode: INVALID_OPERATION_WITH_EXPIRED_PASSWORD
message: The users password has expired, you must call SetPassword before attempting any other API operations
fields: 
Date: 2019-03-08 06:17:31

Form ID: 1
errorCode: INVALID_OPERATION_WITH_EXPIRED_PASSWORD
message: The users password has expired, you must call SetPassword before attempting any other API operations
fields: 
Date: 2019-03-08 06:19:01

Form ID: 1
errorCode: INVALID_OPERATION_WITH_EXPIRED_PASSWORD
message: The users password has expired, you must call SetPassword before attempting any other API operations
fields: 
Date: 2019-03-09 06:07:07

Form ID: 1
errorCode: INVALID_OPERATION_WITH_EXPIRED_PASSWORD
message: The users password has expired, you must call SetPassword before attempting any other API operations
fields: 
Date: 2019-03-09 23:50:59

Form ID: 1
errorCode: INVALID_OPERATION_WITH_EXPIRED_PASSWORD
message: The users password has expired, you must call SetPassword before attempting any other API operations
fields: 
Date: 2019-03-09 23:51:46

Form ID: 1
errorCode: INVALID_OPERATION_WITH_EXPIRED_PASSWORD
message: The users password has expired, you must call SetPassword before attempting any other API operations
fields: 
Date: 2019-03-10 18:08:54

Form ID: 1
errorCode: INVALID_OPERATION_WITH_EXPIRED_PASSWORD
message: The users password has expired, you must call SetPassword before attempting any other API operations
fields: 
Date: 2019-03-11 21:36:34

Form ID: 1
errorCode: INVALID_OPERATION_WITH_EXPIRED_PASSWORD
message: The users password has expired, you must call SetPassword before attempting any other API operations
fields: 
Date: 2019-03-13 07:57:32

Form ID: 1
errorCode: INVALID_OPERATION_WITH_EXPIRED_PASSWORD
message: The users password has expired, you must call SetPassword before attempting any other API operations
fields: 
Date: 2019-03-13 17:45:55

Form ID: 1
errorCode: INVALID_OPERATION_WITH_EXPIRED_PASSWORD
message: The users password has expired, you must call SetPassword before attempting any other API operations
fields: 
Date: 2019-03-17 12:12:46

Form ID: 1
errorCode: INVALID_OPERATION_WITH_EXPIRED_PASSWORD
message: The users password has expired, you must call SetPassword before attempting any other API operations
fields: 
Date: 2019-03-20 02:59:03

Form ID: 1
errorCode: INVALID_OPERATION_WITH_EXPIRED_PASSWORD
message: The users password has expired, you must call SetPassword before attempting any other API operations
fields: 
Date: 2019-03-20 07:41:30

Form ID: 1
errorCode: INVALID_OPERATION_WITH_EXPIRED_PASSWORD
message: The users password has expired, you must call SetPassword before attempting any other API operations
fields: 
Date: 2019-03-20 17:26:03

Form ID: 1
errorCode: INVALID_OPERATION_WITH_EXPIRED_PASSWORD
message: The users password has expired, you must call SetPassword before attempting any other API operations
fields: 
Date: 2019-03-22 05:56:32

Form ID: 1
errorCode: INVALID_OPERATION_WITH_EXPIRED_PASSWORD
message: The users password has expired, you must call SetPassword before attempting any other API operations
fields: 
Date: 2019-03-22 11:21:05

Form ID: 1
errorCode: INVALID_OPERATION_WITH_EXPIRED_PASSWORD
message: The users password has expired, you must call SetPassword before attempting any other API operations
fields: 
Date: 2019-03-23 10:03:54

Form ID: 1
errorCode: INVALID_OPERATION_WITH_EXPIRED_PASSWORD
message: The users password has expired, you must call SetPassword before attempting any other API operations
fields: 
Date: 2019-03-24 10:25:31

Form ID: 1
errorCode: INVALID_OPERATION_WITH_EXPIRED_PASSWORD
message: The users password has expired, you must call SetPassword before attempting any other API operations
fields: 
Date: 2019-03-25 18:40:40

Form ID: 1
errorCode: INVALID_OPERATION_WITH_EXPIRED_PASSWORD
message: The users password has expired, you must call SetPassword before attempting any other API operations
fields: 
Date: 2019-03-26 11:15:19

Form ID: 1
errorCode: INVALID_OPERATION_WITH_EXPIRED_PASSWORD
message: The users password has expired, you must call SetPassword before attempting any other API operations
fields: 
Date: 2019-03-26 23:49:35

Form ID: 1
errorCode: INVALID_OPERATION_WITH_EXPIRED_PASSWORD
message: The users password has expired, you must call SetPassword before attempting any other API operations
fields: 
Date: 2019-03-28 03:42:57

Form ID: 1
errorCode: INVALID_OPERATION_WITH_EXPIRED_PASSWORD
message: The users password has expired, you must call SetPassword before attempting any other API operations
fields: 
Date: 2019-04-01 06:26:24

Form ID: 1
errorCode: INVALID_OPERATION_WITH_EXPIRED_PASSWORD
message: The users password has expired, you must call SetPassword before attempting any other API operations
fields: 
Date: 2019-04-01 18:13:13

Form ID: 1
errorCode: INVALID_OPERATION_WITH_EXPIRED_PASSWORD
message: The users password has expired, you must call SetPassword before attempting any other API operations
fields: 
Date: 2019-04-02 08:14:28

Form ID: 1
errorCode: INVALID_OPERATION_WITH_EXPIRED_PASSWORD
message: The users password has expired, you must call SetPassword before attempting any other API operations
fields: 
Date: 2019-04-02 13:26:41

Form ID: 1
errorCode: INVALID_OPERATION_WITH_EXPIRED_PASSWORD
message: The users password has expired, you must call SetPassword before attempting any other API operations
fields: 
Date: 2019-04-03 07:01:18

Form ID: 1
errorCode: INVALID_OPERATION_WITH_EXPIRED_PASSWORD
message: The users password has expired, you must call SetPassword before attempting any other API operations
fields: 
Date: 2019-04-04 20:16:28

Form ID: 1
errorCode: INVALID_OPERATION_WITH_EXPIRED_PASSWORD
message: The users password has expired, you must call SetPassword before attempting any other API operations
fields: 
Date: 2019-04-04 23:44:23

Form ID: 1
errorCode: INVALID_OPERATION_WITH_EXPIRED_PASSWORD
message: The users password has expired, you must call SetPassword before attempting any other API operations
fields: 
Date: 2019-04-08 20:56:55

Form ID: 1
errorCode: INVALID_OPERATION_WITH_EXPIRED_PASSWORD
message: The users password has expired, you must call SetPassword before attempting any other API operations
fields: 
Date: 2019-04-12 07:12:29

Form ID: 1
errorCode: INVALID_OPERATION_WITH_EXPIRED_PASSWORD
message: The users password has expired, you must call SetPassword before attempting any other API operations
fields: 
Date: 2019-04-14 18:24:46

Form ID: 1
errorCode: INVALID_OPERATION_WITH_EXPIRED_PASSWORD
message: The users password has expired, you must call SetPassword before attempting any other API operations
fields: 
Date: 2019-04-15 15:45:41

Form ID: 1
errorCode: INVALID_OPERATION_WITH_EXPIRED_PASSWORD
message: The users password has expired, you must call SetPassword before attempting any other API operations
fields: 
Date: 2019-04-16 14:13:01

Form ID: 1
errorCode: INVALID_OPERATION_WITH_EXPIRED_PASSWORD
message: The users password has expired, you must call SetPassword before attempting any other API operations
fields: 
Date: 2019-04-16 22:29:19

Form ID: 1
errorCode: INVALID_OPERATION_WITH_EXPIRED_PASSWORD
message: The users password has expired, you must call SetPassword before attempting any other API operations
fields: 
Date: 2019-04-18 15:02:28

Form ID: 1
errorCode: INVALID_OPERATION_WITH_EXPIRED_PASSWORD
message: The users password has expired, you must call SetPassword before attempting any other API operations
fields: 
Date: 2019-04-20 08:49:38

Form ID: 1
errorCode: INVALID_OPERATION_WITH_EXPIRED_PASSWORD
message: The users password has expired, you must call SetPassword before attempting any other API operations
fields: 
Date: 2019-04-22 14:42:43

Form ID: 1
errorCode: INVALID_OPERATION_WITH_EXPIRED_PASSWORD
message: The users password has expired, you must call SetPassword before attempting any other API operations
fields: 
Date: 2019-04-23 05:19:40

Form ID: 1
errorCode: INVALID_OPERATION_WITH_EXPIRED_PASSWORD
message: The users password has expired, you must call SetPassword before attempting any other API operations
fields: 
Date: 2019-04-23 09:12:08

Form ID: 1
errorCode: INVALID_OPERATION_WITH_EXPIRED_PASSWORD
message: The users password has expired, you must call SetPassword before attempting any other API operations
fields: 
Date: 2019-04-25 16:47:44

Form ID: 1
errorCode: INVALID_OPERATION_WITH_EXPIRED_PASSWORD
message: The users password has expired, you must call SetPassword before attempting any other API operations
fields: 
Date: 2019-04-26 07:51:09

Form ID: 1
errorCode: INVALID_OPERATION_WITH_EXPIRED_PASSWORD
message: The users password has expired, you must call SetPassword before attempting any other API operations
fields: 
Date: 2019-04-26 20:26:18

Form ID: 1
errorCode: INVALID_OPERATION_WITH_EXPIRED_PASSWORD
message: The users password has expired, you must call SetPassword before attempting any other API operations
fields: 
Date: 2019-04-29 14:22:58

Form ID: 1
errorCode: INVALID_OPERATION_WITH_EXPIRED_PASSWORD
message: The users password has expired, you must call SetPassword before attempting any other API operations
fields: 
Date: 2019-05-01 19:17:29

Form ID: 1
errorCode: INVALID_OPERATION_WITH_EXPIRED_PASSWORD
message: The users password has expired, you must call SetPassword before attempting any other API operations
fields: 
Date: 2019-05-01 19:38:45

Form ID: 1
errorCode: INVALID_OPERATION_WITH_EXPIRED_PASSWORD
message: The users password has expired, you must call SetPassword before attempting any other API operations
fields: 
Date: 2019-05-02 13:55:23

Form ID: 1
errorCode: INVALID_OPERATION_WITH_EXPIRED_PASSWORD
message: The users password has expired, you must call SetPassword before attempting any other API operations
fields: 
Date: 2019-05-04 01:49:22

Form ID: 1
errorCode: INVALID_OPERATION_WITH_EXPIRED_PASSWORD
message: The users password has expired, you must call SetPassword before attempting any other API operations
fields: 
Date: 2019-05-04 05:32:19

Form ID: 1
errorCode: INVALID_OPERATION_WITH_EXPIRED_PASSWORD
message: The users password has expired, you must call SetPassword before attempting any other API operations
fields: 
Date: 2019-05-04 12:35:38

Form ID: 1
errorCode: INVALID_OPERATION_WITH_EXPIRED_PASSWORD
message: The users password has expired, you must call SetPassword before attempting any other API operations
fields: 
Date: 2019-05-04 20:21:47

Form ID: 1
errorCode: INVALID_OPERATION_WITH_EXPIRED_PASSWORD
message: The users password has expired, you must call SetPassword before attempting any other API operations
fields: 
Date: 2019-05-06 12:10:00

Form ID: 1
errorCode: INVALID_OPERATION_WITH_EXPIRED_PASSWORD
message: The users password has expired, you must call SetPassword before attempting any other API operations
fields: 
Date: 2019-05-06 15:03:49

Form ID: 1
errorCode: INVALID_OPERATION_WITH_EXPIRED_PASSWORD
message: The users password has expired, you must call SetPassword before attempting any other API operations
fields: 
Date: 2019-05-06 21:05:24

Form ID: 1
errorCode: INVALID_OPERATION_WITH_EXPIRED_PASSWORD
message: The users password has expired, you must call SetPassword before attempting any other API operations
fields: 
Date: 2019-05-09 08:00:49

Form ID: 1
errorCode: INVALID_OPERATION_WITH_EXPIRED_PASSWORD
message: The users password has expired, you must call SetPassword before attempting any other API operations
fields: 
Date: 2019-05-09 12:47:00

Form ID: 1
errorCode: INVALID_OPERATION_WITH_EXPIRED_PASSWORD
message: The users password has expired, you must call SetPassword before attempting any other API operations
fields: 
Date: 2019-05-10 01:16:30

Form ID: 1
errorCode: INVALID_OPERATION_WITH_EXPIRED_PASSWORD
message: The users password has expired, you must call SetPassword before attempting any other API operations
fields: 
Date: 2019-05-10 05:56:43

Form ID: 1
errorCode: INVALID_OPERATION_WITH_EXPIRED_PASSWORD
message: The users password has expired, you must call SetPassword before attempting any other API operations
fields: 
Date: 2019-05-10 11:58:35

Form ID: 1
errorCode: INVALID_OPERATION_WITH_EXPIRED_PASSWORD
message: The users password has expired, you must call SetPassword before attempting any other API operations
fields: 
Date: 2019-05-13 04:49:06

Form ID: 1
errorCode: INVALID_OPERATION_WITH_EXPIRED_PASSWORD
message: The users password has expired, you must call SetPassword before attempting any other API operations
fields: 
Date: 2019-05-13 06:26:10

Form ID: 1
errorCode: INVALID_OPERATION_WITH_EXPIRED_PASSWORD
message: The users password has expired, you must call SetPassword before attempting any other API operations
fields: 
Date: 2019-05-14 15:18:15

Form ID: 1
errorCode: INVALID_OPERATION_WITH_EXPIRED_PASSWORD
message: The users password has expired, you must call SetPassword before attempting any other API operations
fields: 
Date: 2019-05-15 00:27:28

Form ID: 1
errorCode: INVALID_OPERATION_WITH_EXPIRED_PASSWORD
message: The users password has expired, you must call SetPassword before attempting any other API operations
fields: 
Date: 2019-05-16 02:49:03

Form ID: 1
errorCode: INVALID_OPERATION_WITH_EXPIRED_PASSWORD
message: The users password has expired, you must call SetPassword before attempting any other API operations
fields: 
Date: 2019-05-16 06:17:43

Form ID: 1
errorCode: INVALID_OPERATION_WITH_EXPIRED_PASSWORD
message: The users password has expired, you must call SetPassword before attempting any other API operations
fields: 
Date: 2019-05-16 06:18:00

Form ID: 1
errorCode: INVALID_OPERATION_WITH_EXPIRED_PASSWORD
message: The users password has expired, you must call SetPassword before attempting any other API operations
fields: 
Date: 2019-05-20 14:35:25

Form ID: 1
errorCode: INVALID_OPERATION_WITH_EXPIRED_PASSWORD
message: The users password has expired, you must call SetPassword before attempting any other API operations
fields: 
Date: 2019-05-22 00:44:33

Form ID: 1
errorCode: INVALID_OPERATION_WITH_EXPIRED_PASSWORD
message: The users password has expired, you must call SetPassword before attempting any other API operations
fields: 
Date: 2019-05-23 17:19:34

Form ID: 1
errorCode: INVALID_OPERATION_WITH_EXPIRED_PASSWORD
message: The users password has expired, you must call SetPassword before attempting any other API operations
fields: 
Date: 2019-05-24 13:04:11

Form ID: 1
errorCode: INVALID_OPERATION_WITH_EXPIRED_PASSWORD
message: The users password has expired, you must call SetPassword before attempting any other API operations
fields: 
Date: 2019-05-25 04:17:19

Form ID: 1
errorCode: INVALID_OPERATION_WITH_EXPIRED_PASSWORD
message: The users password has expired, you must call SetPassword before attempting any other API operations
fields: 
Date: 2019-05-28 01:02:41

Form ID: 1
errorCode: INVALID_OPERATION_WITH_EXPIRED_PASSWORD
message: The users password has expired, you must call SetPassword before attempting any other API operations
fields: 
Date: 2019-05-29 02:27:14

Form ID: 1
errorCode: INVALID_OPERATION_WITH_EXPIRED_PASSWORD
message: The users password has expired, you must call SetPassword before attempting any other API operations
fields: 
Date: 2019-05-31 11:50:05

Form ID: 1
errorCode: INVALID_OPERATION_WITH_EXPIRED_PASSWORD
message: The users password has expired, you must call SetPassword before attempting any other API operations
fields: 
Date: 2019-06-01 11:42:06

Form ID: 1
errorCode: INVALID_OPERATION_WITH_EXPIRED_PASSWORD
message: The users password has expired, you must call SetPassword before attempting any other API operations
fields: 
Date: 2019-06-01 22:28:43

Form ID: 1
errorCode: INVALID_OPERATION_WITH_EXPIRED_PASSWORD
message: The users password has expired, you must call SetPassword before attempting any other API operations
fields: 
Date: 2019-06-02 06:54:30

Form ID: 1
errorCode: INVALID_OPERATION_WITH_EXPIRED_PASSWORD
message: The users password has expired, you must call SetPassword before attempting any other API operations
fields: 
Date: 2019-06-02 06:55:19

Form ID: 1
errorCode: INVALID_OPERATION_WITH_EXPIRED_PASSWORD
message: The users password has expired, you must call SetPassword before attempting any other API operations
fields: 
Date: 2019-06-05 15:42:35

Form ID: 1
errorCode: INVALID_OPERATION_WITH_EXPIRED_PASSWORD
message: The users password has expired, you must call SetPassword before attempting any other API operations
fields: 
Date: 2019-06-06 03:10:54

Form ID: 1
errorCode: INVALID_OPERATION_WITH_EXPIRED_PASSWORD
message: The users password has expired, you must call SetPassword before attempting any other API operations
fields: 
Date: 2019-06-14 06:39:47

Form ID: 1
errorCode: INVALID_OPERATION_WITH_EXPIRED_PASSWORD
message: The users password has expired, you must call SetPassword before attempting any other API operations
fields: 
Date: 2019-06-15 01:05:51

Form ID: 1
errorCode: INVALID_OPERATION_WITH_EXPIRED_PASSWORD
message: The users password has expired, you must call SetPassword before attempting any other API operations
fields: 
Date: 2019-06-15 19:20:11

Form ID: 1
errorCode: INVALID_OPERATION_WITH_EXPIRED_PASSWORD
message: The users password has expired, you must call SetPassword before attempting any other API operations
fields: 
Date: 2019-06-16 16:25:14

Form ID: 1
errorCode: INVALID_OPERATION_WITH_EXPIRED_PASSWORD
message: The users password has expired, you must call SetPassword before attempting any other API operations
fields: 
Date: 2019-06-17 00:55:47

Form ID: 1
errorCode: INVALID_OPERATION_WITH_EXPIRED_PASSWORD
message: The users password has expired, you must call SetPassword before attempting any other API operations
fields: 
Date: 2019-06-17 09:41:44

Form ID: 1
errorCode: INVALID_OPERATION_WITH_EXPIRED_PASSWORD
message: The users password has expired, you must call SetPassword before attempting any other API operations
fields: 
Date: 2019-06-18 18:02:38

